2020-05-09 23:21:29 [scrapy.utils.log] INFO: Scrapy 1.5.1 started (bot: buxiuse)
2020-05-09 23:21:29 [scrapy.utils.log] INFO: Versions: lxml 4.4.2.0, libxml2 2.9.10, cssselect 1.1.0, parsel 1.5.2, w3lib 1.21.0, Twisted 19.10.0, Python 3.7.5 (default, Oct 31 2019, 15:18:51) [MSC v.1916 64 bit (AMD64)], pyOpenSSL 19.1.0 (OpenSSL 1.1.1d  10 Sep 2019), cryptography 2.8, Platform Windows-10-10.0.18362-SP0
2020-05-09 23:21:29 [scrapy.crawler] INFO: Overridden settings: {'BOT_NAME': 'buxiuse', 'FEED_FORMAT': 'json', 'FEED_URI': '../resources/2020-05-09.json', 'LOG_FILE': '../resources/2020-05-09.log', 'NEWSPIDER_MODULE': 'buxiuse.spiders', 'ROBOTSTXT_OBEY': True, 'SPIDER_MODULES': ['buxiuse.spiders']}
2020-05-09 23:21:29 [scrapy.middleware] INFO: Enabled extensions:
['scrapy.extensions.corestats.CoreStats',
 'scrapy.extensions.telnet.TelnetConsole',
 'scrapy.extensions.feedexport.FeedExporter',
 'scrapy.extensions.logstats.LogStats']
2020-05-09 23:21:29 [twisted] CRITICAL: Unhandled error in Deferred:
2020-05-09 23:21:29 [twisted] CRITICAL: 
Traceback (most recent call last):
  File "C:\Users\Lenovo\.conda\envs\en1\lib\site-packages\twisted\internet\defer.py", line 1418, in _inlineCallbacks
    result = g.send(result)
  File "C:\Users\Lenovo\.conda\envs\en1\lib\site-packages\scrapy\crawler.py", line 79, in crawl
    self.spider = self._create_spider(*args, **kwargs)
  File "C:\Users\Lenovo\.conda\envs\en1\lib\site-packages\scrapy\crawler.py", line 102, in _create_spider
    return self.spidercls.from_crawler(self, *args, **kwargs)
  File "C:\Users\Lenovo\.conda\envs\en1\lib\site-packages\scrapy\spiders\__init__.py", line 51, in from_crawler
    spider = cls(*args, **kwargs)
  File "C:\Users\Lenovo\OneDrive\Projects\SRC\Language\Python\spider\buxiuse\buxiuse\spiders\buxiuse_spider.py", line 26, in __init__
    self.complete_values = self.client.sremenber(self.complete_key)
  File "C:\Users\Lenovo\OneDrive\Projects\SRC\Language\Python\spider\buxiuse\buxiuse\tool\redis_tool.py", line 18, in sremenber
    for i in self.__client.sscan_iter(key):
  File "C:\Users\Lenovo\.conda\envs\en1\lib\site-packages\redis\client.py", line 2164, in sscan_iter
    match=match, count=count)
  File "C:\Users\Lenovo\.conda\envs\en1\lib\site-packages\redis\client.py", line 2150, in sscan
    return self.execute_command('SSCAN', *pieces)
  File "C:\Users\Lenovo\.conda\envs\en1\lib\site-packages\redis\client.py", line 898, in execute_command
    conn = self.connection or pool.get_connection(command_name, **options)
  File "C:\Users\Lenovo\.conda\envs\en1\lib\site-packages\redis\connection.py", line 1182, in get_connection
    connection.connect()
  File "C:\Users\Lenovo\.conda\envs\en1\lib\site-packages\redis\connection.py", line 550, in connect
    sock = self._connect()
  File "C:\Users\Lenovo\.conda\envs\en1\lib\site-packages\redis\connection.py", line 576, in _connect
    socket.SOCK_STREAM):
  File "C:\Users\Lenovo\.conda\envs\en1\lib\socket.py", line 748, in getaddrinfo
    for res in _socket.getaddrinfo(host, port, family, type, proto, flags):
TypeError: getaddrinfo() argument 1 must be string or None
2020-05-09 23:23:53 [scrapy.utils.log] INFO: Scrapy 1.5.1 started (bot: buxiuse)
2020-05-09 23:23:53 [scrapy.utils.log] INFO: Versions: lxml 4.4.2.0, libxml2 2.9.10, cssselect 1.1.0, parsel 1.5.2, w3lib 1.21.0, Twisted 19.10.0, Python 3.7.5 (default, Oct 31 2019, 15:18:51) [MSC v.1916 64 bit (AMD64)], pyOpenSSL 19.1.0 (OpenSSL 1.1.1d  10 Sep 2019), cryptography 2.8, Platform Windows-10-10.0.18362-SP0
2020-05-09 23:23:53 [scrapy.crawler] INFO: Overridden settings: {'BOT_NAME': 'buxiuse', 'FEED_FORMAT': 'json', 'FEED_URI': '../resources/2020-05-09.json', 'LOG_FILE': '../resources/2020-05-09.log', 'NEWSPIDER_MODULE': 'buxiuse.spiders', 'ROBOTSTXT_OBEY': True, 'SPIDER_MODULES': ['buxiuse.spiders']}
2020-05-09 23:23:54 [scrapy.middleware] INFO: Enabled extensions:
['scrapy.extensions.corestats.CoreStats',
 'scrapy.extensions.telnet.TelnetConsole',
 'scrapy.extensions.feedexport.FeedExporter',
 'scrapy.extensions.logstats.LogStats']
2020-05-09 23:23:56 [scrapy.middleware] INFO: Enabled downloader middlewares:
['scrapy.downloadermiddlewares.robotstxt.RobotsTxtMiddleware',
 'scrapy.downloadermiddlewares.httpauth.HttpAuthMiddleware',
 'scrapy.downloadermiddlewares.downloadtimeout.DownloadTimeoutMiddleware',
 'scrapy.downloadermiddlewares.defaultheaders.DefaultHeadersMiddleware',
 'scrapy.downloadermiddlewares.useragent.UserAgentMiddleware',
 'scrapy.downloadermiddlewares.retry.RetryMiddleware',
 'scrapy.downloadermiddlewares.redirect.MetaRefreshMiddleware',
 'scrapy.downloadermiddlewares.httpcompression.HttpCompressionMiddleware',
 'scrapy.downloadermiddlewares.redirect.RedirectMiddleware',
 'scrapy.downloadermiddlewares.cookies.CookiesMiddleware',
 'scrapy.downloadermiddlewares.httpproxy.HttpProxyMiddleware',
 'scrapy.downloadermiddlewares.stats.DownloaderStats']
2020-05-09 23:23:56 [scrapy.middleware] INFO: Enabled spider middlewares:
['scrapy.spidermiddlewares.httperror.HttpErrorMiddleware',
 'scrapy.spidermiddlewares.offsite.OffsiteMiddleware',
 'scrapy.spidermiddlewares.referer.RefererMiddleware',
 'scrapy.spidermiddlewares.urllength.UrlLengthMiddleware',
 'scrapy.spidermiddlewares.depth.DepthMiddleware']
2020-05-09 23:23:56 [scrapy.middleware] INFO: Enabled item pipelines:
[]
2020-05-09 23:23:56 [scrapy.core.engine] INFO: Spider opened
2020-05-09 23:23:57 [scrapy.extensions.logstats] INFO: Crawled 0 pages (at 0 pages/min), scraped 0 items (at 0 items/min)
2020-05-09 23:23:57 [scrapy.extensions.telnet] DEBUG: Telnet console listening on 127.0.0.1:6023
2020-05-09 23:24:07 [scrapy.core.engine] DEBUG: Crawled (403) <GET https://www.buxiuse.com/robots.txt> (referer: None)
2020-05-09 23:24:16 [scrapy.core.engine] DEBUG: Crawled (403) <GET https://www.buxiuse.com/?page=1> (referer: None)
2020-05-09 23:24:16 [scrapy.spidermiddlewares.httperror] INFO: Ignoring response <403 https://www.buxiuse.com/?page=1>: HTTP status code is not handled or not allowed
2020-05-09 23:24:16 [scrapy.core.engine] INFO: Closing spider (finished)
2020-05-09 23:24:16 [scrapy.statscollectors] INFO: Dumping Scrapy stats:
{'downloader/request_bytes': 445,
 'downloader/request_count': 2,
 'downloader/request_method_count/GET': 2,
 'downloader/response_bytes': 560,
 'downloader/response_count': 2,
 'downloader/response_status_count/403': 2,
 'finish_reason': 'finished',
 'finish_time': datetime.datetime(2020, 5, 9, 15, 24, 16, 521416),
 'httperror/response_ignored_count': 1,
 'httperror/response_ignored_status_count/403': 1,
 'log_count/DEBUG': 3,
 'log_count/INFO': 8,
 'response_received_count': 2,
 'scheduler/dequeued': 1,
 'scheduler/dequeued/memory': 1,
 'scheduler/enqueued': 1,
 'scheduler/enqueued/memory': 1,
 'start_time': datetime.datetime(2020, 5, 9, 15, 23, 57, 24178)}
2020-05-09 23:24:16 [scrapy.core.engine] INFO: Spider closed (finished)
2020-05-09 23:24:38 [scrapy.utils.log] INFO: Scrapy 1.5.1 started (bot: buxiuse)
2020-05-09 23:24:38 [scrapy.utils.log] INFO: Versions: lxml 4.4.2.0, libxml2 2.9.10, cssselect 1.1.0, parsel 1.5.2, w3lib 1.21.0, Twisted 19.10.0, Python 3.7.5 (default, Oct 31 2019, 15:18:51) [MSC v.1916 64 bit (AMD64)], pyOpenSSL 19.1.0 (OpenSSL 1.1.1d  10 Sep 2019), cryptography 2.8, Platform Windows-10-10.0.18362-SP0
2020-05-09 23:24:38 [scrapy.crawler] INFO: Overridden settings: {'BOT_NAME': 'buxiuse', 'FEED_FORMAT': 'json', 'FEED_URI': '../resources/2020-05-09.json', 'LOG_FILE': '../resources/2020-05-09.log', 'NEWSPIDER_MODULE': 'buxiuse.spiders', 'SPIDER_MODULES': ['buxiuse.spiders']}
2020-05-09 23:24:38 [scrapy.middleware] INFO: Enabled extensions:
['scrapy.extensions.corestats.CoreStats',
 'scrapy.extensions.telnet.TelnetConsole',
 'scrapy.extensions.feedexport.FeedExporter',
 'scrapy.extensions.logstats.LogStats']
2020-05-09 23:24:41 [scrapy.middleware] INFO: Enabled downloader middlewares:
['scrapy.downloadermiddlewares.httpauth.HttpAuthMiddleware',
 'scrapy.downloadermiddlewares.downloadtimeout.DownloadTimeoutMiddleware',
 'scrapy.downloadermiddlewares.defaultheaders.DefaultHeadersMiddleware',
 'scrapy.downloadermiddlewares.useragent.UserAgentMiddleware',
 'scrapy.downloadermiddlewares.retry.RetryMiddleware',
 'scrapy.downloadermiddlewares.redirect.MetaRefreshMiddleware',
 'scrapy.downloadermiddlewares.httpcompression.HttpCompressionMiddleware',
 'scrapy.downloadermiddlewares.redirect.RedirectMiddleware',
 'scrapy.downloadermiddlewares.cookies.CookiesMiddleware',
 'scrapy.downloadermiddlewares.httpproxy.HttpProxyMiddleware',
 'scrapy.downloadermiddlewares.stats.DownloaderStats']
2020-05-09 23:24:41 [scrapy.middleware] INFO: Enabled spider middlewares:
['scrapy.spidermiddlewares.httperror.HttpErrorMiddleware',
 'scrapy.spidermiddlewares.offsite.OffsiteMiddleware',
 'scrapy.spidermiddlewares.referer.RefererMiddleware',
 'scrapy.spidermiddlewares.urllength.UrlLengthMiddleware',
 'scrapy.spidermiddlewares.depth.DepthMiddleware']
2020-05-09 23:24:41 [scrapy.middleware] INFO: Enabled item pipelines:
[]
2020-05-09 23:24:41 [scrapy.core.engine] INFO: Spider opened
2020-05-09 23:24:41 [scrapy.extensions.logstats] INFO: Crawled 0 pages (at 0 pages/min), scraped 0 items (at 0 items/min)
2020-05-09 23:24:41 [scrapy.extensions.telnet] DEBUG: Telnet console listening on 127.0.0.1:6023
2020-05-09 23:24:50 [scrapy.core.engine] DEBUG: Crawled (403) <GET https://www.buxiuse.com/?page=1> (referer: None)
2020-05-09 23:24:50 [scrapy.spidermiddlewares.httperror] INFO: Ignoring response <403 https://www.buxiuse.com/?page=1>: HTTP status code is not handled or not allowed
2020-05-09 23:24:50 [scrapy.core.engine] INFO: Closing spider (finished)
2020-05-09 23:24:50 [scrapy.statscollectors] INFO: Dumping Scrapy stats:
{'downloader/request_bytes': 221,
 'downloader/request_count': 1,
 'downloader/request_method_count/GET': 1,
 'downloader/response_bytes': 280,
 'downloader/response_count': 1,
 'downloader/response_status_count/403': 1,
 'finish_reason': 'finished',
 'finish_time': datetime.datetime(2020, 5, 9, 15, 24, 50, 675157),
 'httperror/response_ignored_count': 1,
 'httperror/response_ignored_status_count/403': 1,
 'log_count/DEBUG': 2,
 'log_count/INFO': 8,
 'response_received_count': 1,
 'scheduler/dequeued': 1,
 'scheduler/dequeued/memory': 1,
 'scheduler/enqueued': 1,
 'scheduler/enqueued/memory': 1,
 'start_time': datetime.datetime(2020, 5, 9, 15, 24, 41, 40927)}
2020-05-09 23:24:50 [scrapy.core.engine] INFO: Spider closed (finished)
2020-05-09 23:34:36 [scrapy.utils.log] INFO: Scrapy 1.5.1 started (bot: buxiuse)
2020-05-09 23:34:36 [scrapy.utils.log] INFO: Versions: lxml 4.4.2.0, libxml2 2.9.10, cssselect 1.1.0, parsel 1.5.2, w3lib 1.21.0, Twisted 19.10.0, Python 3.7.5 (default, Oct 31 2019, 15:18:51) [MSC v.1916 64 bit (AMD64)], pyOpenSSL 19.1.0 (OpenSSL 1.1.1d  10 Sep 2019), cryptography 2.8, Platform Windows-10-10.0.18362-SP0
2020-05-09 23:34:36 [scrapy.crawler] INFO: Overridden settings: {'BOT_NAME': 'buxiuse', 'FEED_FORMAT': 'json', 'FEED_URI': '../resources/2020-05-09.json', 'LOG_FILE': '../resources/2020-05-09.log', 'NEWSPIDER_MODULE': 'buxiuse.spiders', 'SPIDER_MODULES': ['buxiuse.spiders'], 'USER_AGENT': 'Mozilla/5.0 (Windows NT 6.1; WOW64) AppleWebKit/537.36 (KHTML, like Gecko) Chrome/55.0.2883.87 Safari/537.36'}
2020-05-09 23:34:36 [scrapy.middleware] INFO: Enabled extensions:
['scrapy.extensions.corestats.CoreStats',
 'scrapy.extensions.telnet.TelnetConsole',
 'scrapy.extensions.feedexport.FeedExporter',
 'scrapy.extensions.logstats.LogStats']
2020-05-09 23:34:40 [scrapy.middleware] INFO: Enabled downloader middlewares:
['scrapy.downloadermiddlewares.httpauth.HttpAuthMiddleware',
 'scrapy.downloadermiddlewares.downloadtimeout.DownloadTimeoutMiddleware',
 'scrapy.downloadermiddlewares.defaultheaders.DefaultHeadersMiddleware',
 'scrapy.downloadermiddlewares.useragent.UserAgentMiddleware',
 'scrapy.downloadermiddlewares.retry.RetryMiddleware',
 'scrapy.downloadermiddlewares.redirect.MetaRefreshMiddleware',
 'scrapy.downloadermiddlewares.httpcompression.HttpCompressionMiddleware',
 'scrapy.downloadermiddlewares.redirect.RedirectMiddleware',
 'scrapy.downloadermiddlewares.cookies.CookiesMiddleware',
 'scrapy.downloadermiddlewares.httpproxy.HttpProxyMiddleware',
 'scrapy.downloadermiddlewares.stats.DownloaderStats']
2020-05-09 23:34:40 [scrapy.middleware] INFO: Enabled spider middlewares:
['scrapy.spidermiddlewares.httperror.HttpErrorMiddleware',
 'scrapy.spidermiddlewares.offsite.OffsiteMiddleware',
 'scrapy.spidermiddlewares.referer.RefererMiddleware',
 'scrapy.spidermiddlewares.urllength.UrlLengthMiddleware',
 'scrapy.spidermiddlewares.depth.DepthMiddleware']
2020-05-09 23:34:40 [scrapy.middleware] INFO: Enabled item pipelines:
[]
2020-05-09 23:34:40 [scrapy.core.engine] INFO: Spider opened
2020-05-09 23:34:40 [scrapy.extensions.logstats] INFO: Crawled 0 pages (at 0 pages/min), scraped 0 items (at 0 items/min)
2020-05-09 23:34:40 [scrapy.extensions.telnet] DEBUG: Telnet console listening on 127.0.0.1:6024
2020-05-09 23:34:49 [scrapy.core.engine] DEBUG: Crawled (200) <GET https://www.buxiuse.com/?page=1> (referer: None)
2020-05-09 23:34:49 [buxiuse_spider] INFO: 访问：https://www.buxiuse.com/?page=1
2020-05-09 23:34:49 [buxiuse_spider] INFO: 获取页面https://www.buxiuse.com/?page=1中的图片链接
2020-05-09 23:34:59 [scrapy.core.engine] DEBUG: Crawled (200) <GET https://www.buxiuse.com/?page=2> (referer: https://www.buxiuse.com/?page=1)
2020-05-09 23:34:59 [buxiuse_spider] INFO: 访问：https://www.buxiuse.com/?page=2
2020-05-09 23:34:59 [buxiuse_spider] INFO: 获取页面https://www.buxiuse.com/?page=2中的图片链接
2020-05-09 23:35:08 [scrapy.core.engine] DEBUG: Crawled (200) <GET https://www.buxiuse.com/?page=3> (referer: https://www.buxiuse.com/?page=2)
2020-05-09 23:35:08 [buxiuse_spider] INFO: 访问：https://www.buxiuse.com/?page=3
2020-05-09 23:35:08 [buxiuse_spider] INFO: 获取页面https://www.buxiuse.com/?page=3中的图片链接
2020-05-09 23:35:17 [scrapy.core.engine] DEBUG: Crawled (200) <GET https://www.buxiuse.com/?page=4> (referer: https://www.buxiuse.com/?page=3)
2020-05-09 23:35:17 [buxiuse_spider] INFO: 访问：https://www.buxiuse.com/?page=4
2020-05-09 23:35:17 [buxiuse_spider] INFO: 获取页面https://www.buxiuse.com/?page=4中的图片链接
2020-05-09 23:35:27 [scrapy.core.engine] DEBUG: Crawled (200) <GET https://www.buxiuse.com/?page=5> (referer: https://www.buxiuse.com/?page=4)
2020-05-09 23:35:27 [buxiuse_spider] INFO: 访问：https://www.buxiuse.com/?page=5
2020-05-09 23:35:27 [buxiuse_spider] INFO: 获取页面https://www.buxiuse.com/?page=5中的图片链接
2020-05-09 23:35:40 [scrapy.extensions.logstats] INFO: Crawled 5 pages (at 5 pages/min), scraped 0 items (at 0 items/min)
2020-05-09 23:35:41 [scrapy.core.engine] DEBUG: Crawled (200) <GET https://www.buxiuse.com/?page=6> (referer: https://www.buxiuse.com/?page=5)
2020-05-09 23:35:41 [buxiuse_spider] INFO: 访问：https://www.buxiuse.com/?page=6
2020-05-09 23:35:41 [buxiuse_spider] INFO: 获取页面https://www.buxiuse.com/?page=6中的图片链接
2020-05-09 23:36:22 [scrapy.utils.log] INFO: Scrapy 1.5.1 started (bot: buxiuse)
2020-05-09 23:36:22 [scrapy.utils.log] INFO: Versions: lxml 4.4.2.0, libxml2 2.9.10, cssselect 1.1.0, parsel 1.5.2, w3lib 1.21.0, Twisted 19.10.0, Python 3.7.5 (default, Oct 31 2019, 15:18:51) [MSC v.1916 64 bit (AMD64)], pyOpenSSL 19.1.0 (OpenSSL 1.1.1d  10 Sep 2019), cryptography 2.8, Platform Windows-10-10.0.18362-SP0
2020-05-09 23:36:22 [scrapy.crawler] INFO: Overridden settings: {'BOT_NAME': 'buxiuse', 'FEED_FORMAT': 'json', 'FEED_URI': '../resources/2020-05-09.json', 'LOG_FILE': '../resources/2020-05-09.log', 'NEWSPIDER_MODULE': 'buxiuse.spiders', 'SPIDER_MODULES': ['buxiuse.spiders'], 'USER_AGENT': 'Mozilla/5.0 (Windows NT 6.1; WOW64) AppleWebKit/537.36 (KHTML, like Gecko) Chrome/55.0.2883.87 Safari/537.36'}
2020-05-09 23:36:22 [scrapy.middleware] INFO: Enabled extensions:
['scrapy.extensions.corestats.CoreStats',
 'scrapy.extensions.telnet.TelnetConsole',
 'scrapy.extensions.feedexport.FeedExporter',
 'scrapy.extensions.logstats.LogStats']
2020-05-09 23:36:25 [scrapy.middleware] INFO: Enabled downloader middlewares:
['scrapy.downloadermiddlewares.httpauth.HttpAuthMiddleware',
 'scrapy.downloadermiddlewares.downloadtimeout.DownloadTimeoutMiddleware',
 'scrapy.downloadermiddlewares.defaultheaders.DefaultHeadersMiddleware',
 'scrapy.downloadermiddlewares.useragent.UserAgentMiddleware',
 'scrapy.downloadermiddlewares.retry.RetryMiddleware',
 'scrapy.downloadermiddlewares.redirect.MetaRefreshMiddleware',
 'scrapy.downloadermiddlewares.httpcompression.HttpCompressionMiddleware',
 'scrapy.downloadermiddlewares.redirect.RedirectMiddleware',
 'scrapy.downloadermiddlewares.cookies.CookiesMiddleware',
 'scrapy.downloadermiddlewares.httpproxy.HttpProxyMiddleware',
 'scrapy.downloadermiddlewares.stats.DownloaderStats']
2020-05-09 23:36:25 [scrapy.middleware] INFO: Enabled spider middlewares:
['scrapy.spidermiddlewares.httperror.HttpErrorMiddleware',
 'scrapy.spidermiddlewares.offsite.OffsiteMiddleware',
 'scrapy.spidermiddlewares.referer.RefererMiddleware',
 'scrapy.spidermiddlewares.urllength.UrlLengthMiddleware',
 'scrapy.spidermiddlewares.depth.DepthMiddleware']
2020-05-09 23:36:25 [scrapy.middleware] INFO: Enabled item pipelines:
[]
2020-05-09 23:36:25 [scrapy.core.engine] INFO: Spider opened
2020-05-09 23:36:25 [scrapy.extensions.logstats] INFO: Crawled 0 pages (at 0 pages/min), scraped 0 items (at 0 items/min)
2020-05-09 23:36:25 [scrapy.extensions.telnet] DEBUG: Telnet console listening on 127.0.0.1:6024
2020-05-09 23:36:35 [scrapy.core.engine] DEBUG: Crawled (200) <GET https://www.buxiuse.com/?page=1> (referer: None)
2020-05-09 23:36:35 [buxiuse_spider] INFO: 访问：https://www.buxiuse.com/?page=1
2020-05-09 23:36:35 [buxiuse_spider] INFO: 获取页面https://www.buxiuse.com/?page=1中的图片链接
2020-05-09 23:36:44 [scrapy.core.engine] DEBUG: Crawled (200) <GET https://www.buxiuse.com/?page=2> (referer: https://www.buxiuse.com/?page=1)
2020-05-09 23:36:44 [buxiuse_spider] INFO: 访问：https://www.buxiuse.com/?page=2
2020-05-09 23:36:44 [buxiuse_spider] INFO: 获取页面https://www.buxiuse.com/?page=2中的图片链接
2020-05-09 23:36:53 [scrapy.core.engine] DEBUG: Crawled (200) <GET https://www.buxiuse.com/?page=3> (referer: https://www.buxiuse.com/?page=2)
2020-05-09 23:36:53 [buxiuse_spider] INFO: 访问：https://www.buxiuse.com/?page=3
2020-05-09 23:36:53 [buxiuse_spider] INFO: 获取页面https://www.buxiuse.com/?page=3中的图片链接
